<?xml version="1.0" encoding="UTF-8"?>
<!-- Generated by org.testng.reporters.JUnitReportReporter -->
<testsuite hostname="DESKTOP-NAT0VEE" failures="0" tests="1" name="opencart.test.productslist.CartTest" time="13.916" errors="0" timestamp="2025-02-02T17:36:22 BRT" skipped="0">
  <testcase classname="opencart.test.productslist.CartTest" name="addToCart" time="13.916"/>
</testsuite> <!-- opencart.test.productslist.CartTest -->
