<?xml version="1.0" encoding="UTF-8"?>
<!-- Generated by org.testng.reporters.JUnitReportReporter -->
<testsuite hostname="DESKTOP-NAT0VEE" failures="0" tests="1" name="opencart.test.product.TC09_AddToCartTest" time="22.942" errors="0" timestamp="2025-02-13T18:10:20 BRT" skipped="0">
  <testcase classname="opencart.test.product.TC09_AddToCartTest" name="addProductToCartProductPageTest" time="22.942"/>
</testsuite> <!-- opencart.test.product.TC09_AddToCartTest -->
