<?xml version="1.0" encoding="UTF-8"?>
<!-- Generated by org.testng.reporters.JUnitReportReporter -->
<testsuite hostname="DESKTOP-NAT0VEE" failures="0" tests="1" name="opencart.test.login.LoginEmptyFieldsTest" time="7.923" errors="0" timestamp="2025-02-02T17:55:20 BRT" skipped="0">
  <testcase classname="opencart.test.login.LoginEmptyFieldsTest" name="emptyFieldsLogin" time="7.923"/>
</testsuite> <!-- opencart.test.login.LoginEmptyFieldsTest -->
