<?xml version="1.0" encoding="UTF-8"?>
<!-- Generated by org.testng.reporters.JUnitReportReporter -->
<testsuite hostname="DESKTOP-NAT0VEE" failures="0" tests="1" name="opencart.test.register.RegisterTest" time="11.915" errors="0" timestamp="2025-02-03T08:19:41 BRT" skipped="0">
  <testcase classname="opencart.test.register.RegisterTest" name="successfulRegister" time="11.915"/>
</testsuite> <!-- opencart.test.register.RegisterTest -->
