<?xml version="1.0" encoding="UTF-8"?>
<!-- Generated by org.testng.reporters.JUnitReportReporter -->
<testsuite hostname="DESKTOP-NAT0VEE" failures="0" tests="1" name="opencart.test.productslist.CartTest" time="14.681" errors="0" timestamp="2025-02-01T15:27:39 BRT" skipped="0">
  <testcase classname="opencart.test.productslist.CartTest" name="addToCart" time="14.681"/>
</testsuite> <!-- opencart.test.productslist.CartTest -->
