<?xml version="1.0" encoding="UTF-8"?>
<!-- Generated by org.testng.reporters.JUnitReportReporter -->
<testsuite hostname="DESKTOP-NAT0VEE" failures="0" tests="1" name="opencart.test.login.LoginTest" time="12.017" errors="0" timestamp="2025-02-01T08:07:27 BRT" skipped="0">
  <testcase classname="opencart.test.login.LoginTest" name="successfulLogin" time="12.017"/>
</testsuite> <!-- opencart.test.login.LoginTest -->
