<?xml version="1.0" encoding="UTF-8"?>
<!-- Generated by org.testng.reporters.JUnitReportReporter -->
<testsuite hostname="DESKTOP-NAT0VEE" failures="0" tests="1" name="opencart.test.product.AddToCartTest" time="39.071" errors="0" timestamp="2025-02-08T16:40:20 BRT" skipped="0">
  <testcase classname="opencart.test.product.AddToCartTest" name="addProductToCartProductPageTest" time="39.071"/>
</testsuite> <!-- opencart.test.product.AddToCartTest -->
