<?xml version="1.0" encoding="UTF-8"?>
<!-- Generated by org.testng.reporters.JUnitReportReporter -->
<testsuite hostname="DESKTOP-NAT0VEE" failures="0" tests="1" name="opencart.test.wishlist.WishListTest" time="11.785" errors="0" timestamp="2025-02-09T16:01:57 BRT" skipped="0">
  <testcase classname="opencart.test.wishlist.WishListTest" name="addToWishList" time="11.785"/>
</testsuite> <!-- opencart.test.wishlist.WishListTest -->
