<?xml version="1.0" encoding="UTF-8"?>
<!-- Generated by org.testng.reporters.JUnitReportReporter -->
<testsuite hostname="DESKTOP-NAT0VEE" failures="0" tests="1" name="opencart.test.HomeTest" time="5.157" errors="0" timestamp="2025-01-31T22:48:25 BRT" skipped="0">
  <testcase classname="opencart.test.HomeTest" name="home" time="5.157"/>
</testsuite> <!-- opencart.test.HomeTest -->
