<?xml version="1.0" encoding="UTF-8"?>
<!-- Generated by org.testng.reporters.JUnitReportReporter -->
<testsuite hostname="DESKTOP-NAT0VEE" failures="0" tests="1" name="opencart.test.cart.CartTest" time="14.842" errors="0" timestamp="2025-02-09T18:59:14 BRT" skipped="0">
  <testcase classname="opencart.test.cart.CartTest" name="addToCart" time="14.842"/>
</testsuite> <!-- opencart.test.cart.CartTest -->
