<?xml version="1.0" encoding="UTF-8"?>
<!-- Generated by org.testng.reporters.JUnitReportReporter -->
<testsuite hostname="DESKTOP-NAT0VEE" failures="0" tests="1" name="opencart.test.login.LoginInvalidEmailTest" time="9.043" errors="0" timestamp="2025-02-01T11:44:04 BRT" skipped="0">
  <testcase classname="opencart.test.login.LoginInvalidEmailTest" name="loginWithEmptyFields" time="9.043"/>
</testsuite> <!-- opencart.test.login.LoginInvalidEmailTest -->
