<?xml version="1.0" encoding="UTF-8"?>
<!-- Generated by org.testng.reporters.JUnitReportReporter -->
<testsuite hostname="DESKTOP-NAT0VEE" failures="0" tests="1" name="opencart.test.wishlist.WishListTest" time="13.052" errors="0" timestamp="2025-02-14T14:55:14 BRT" skipped="0">
  <testcase classname="opencart.test.wishlist.WishListTest" name="addToWishList" time="13.052"/>
</testsuite> <!-- opencart.test.wishlist.WishListTest -->
