<?xml version="1.0" encoding="UTF-8"?>
<!-- Generated by org.testng.reporters.JUnitReportReporter -->
<testsuite hostname="DESKTOP-NAT0VEE" failures="0" tests="1" name="opencart.test.productslist.WishListTest" time="14.096" errors="0" timestamp="2025-02-02T22:53:42 BRT" skipped="0">
  <testcase classname="opencart.test.productslist.WishListTest" name="addToWishList" time="14.096"/>
</testsuite> <!-- opencart.test.productslist.WishListTest -->
