<?xml version="1.0" encoding="UTF-8"?>
<!-- Generated by org.testng.reporters.JUnitReportReporter -->
<testsuite hostname="DESKTOP-NAT0VEE" failures="0" tests="1" name="opencart.test.register.TC03_RegisterTest" time="11.503" errors="0" timestamp="2025-02-11T11:07:30 BRT" skipped="0">
  <testcase classname="opencart.test.register.TC03_RegisterTest" name="successfulRegister" time="11.503"/>
</testsuite> <!-- opencart.test.register.TC03_RegisterTest -->
