<?xml version="1.0" encoding="UTF-8"?>
<!-- Generated by org.testng.reporters.JUnitReportReporter -->
<testsuite hostname="DESKTOP-NAT0VEE" failures="0" tests="1" name="opencart.test.login.LoginTest" time="19.240" errors="0" timestamp="2025-02-03T00:26:03 BRT" skipped="0">
  <testcase classname="opencart.test.login.LoginTest" name="successfulLogin" time="19.240"/>
</testsuite> <!-- opencart.test.login.LoginTest -->
