<?xml version="1.0" encoding="UTF-8"?>
<!-- Generated by org.testng.reporters.JUnitReportReporter -->
<testsuite hostname="DESKTOP-NAT0VEE" failures="0" tests="1" name="opencart.test.cart.TC01_CartTest" time="15.913" errors="0" timestamp="2025-02-11T11:07:30 BRT" skipped="0">
  <testcase classname="opencart.test.cart.TC01_CartTest" name="addToCart" time="15.913"/>
</testsuite> <!-- opencart.test.cart.TC01_CartTest -->
