<?xml version="1.0" encoding="UTF-8"?>
<!-- Generated by org.testng.reporters.JUnitReportReporter -->
<testsuite hostname="DESKTOP-NAT0VEE" failures="0" tests="1" name="opencart.test.cart.CartTest" time="16.436" errors="0" timestamp="2025-02-09T16:01:57 BRT" skipped="0">
  <testcase classname="opencart.test.cart.CartTest" name="addToCart" time="16.436"/>
</testsuite> <!-- opencart.test.cart.CartTest -->
