<?xml version="1.0" encoding="UTF-8"?>
<!-- Generated by org.testng.reporters.JUnitReportReporter -->
<testsuite hostname="DESKTOP-NAT0VEE" failures="0" tests="1" name="opencart.test.register.RegisterDisagreePrivacyPolicyTest" time="10.479" errors="0" timestamp="2025-02-09T18:59:14 BRT" skipped="0">
  <testcase classname="opencart.test.register.RegisterDisagreePrivacyPolicyTest" name="disagreePrivacyPolicyRegister" time="10.479"/>
</testsuite> <!-- opencart.test.register.RegisterDisagreePrivacyPolicyTest -->
