<?xml version="1.0" encoding="UTF-8"?>
<!-- Generated by org.testng.reporters.JUnitReportReporter -->
<testsuite hostname="DESKTOP-NAT0VEE" failures="0" tests="1" name="opencart.test.register.RegisterTest" time="12.693" errors="0" timestamp="2025-02-02T00:08:17 BRT" skipped="0">
  <testcase classname="opencart.test.register.RegisterTest" name="successfulRegister" time="12.693"/>
</testsuite> <!-- opencart.test.register.RegisterTest -->
