<?xml version="1.0" encoding="UTF-8"?>
<!-- Generated by org.testng.reporters.JUnitReportReporter -->
<testsuite hostname="DESKTOP-NAT0VEE" failures="0" tests="1" name="opencart.test.login.LoginInvalidEmailTest" time="9.967" errors="0" timestamp="2025-02-01T11:08:14 BRT" skipped="0">
  <testcase classname="opencart.test.login.LoginInvalidEmailTest" name="successfulLogin" time="9.967"/>
</testsuite> <!-- opencart.test.login.LoginInvalidEmailTest -->
