<?xml version="1.0" encoding="UTF-8"?>
<!-- Generated by org.testng.reporters.JUnitReportReporter -->
<testsuite hostname="DESKTOP-NAT0VEE" failures="0" tests="1" name="opencart.test.cart.CartTest" time="13.038" errors="0" timestamp="2025-02-04T08:19:35 BRT" skipped="0">
  <testcase classname="opencart.test.cart.CartTest" name="addToCart" time="13.038"/>
</testsuite> <!-- opencart.test.cart.CartTest -->
