<?xml version="1.0" encoding="UTF-8"?>
<!-- Generated by org.testng.reporters.JUnitReportReporter -->
<testsuite hostname="DESKTOP-NAT0VEE" failures="0" tests="1" name="opencart.test.others.WishListTest" time="21.689" errors="0" timestamp="2025-02-01T14:40:22 BRT" skipped="0">
  <testcase classname="opencart.test.others.WishListTest" name="addToWishList" time="21.689"/>
</testsuite> <!-- opencart.test.others.WishListTest -->
