<?xml version="1.0" encoding="UTF-8"?>
<!-- Generated by org.testng.reporters.JUnitReportReporter -->
<testsuite hostname="DESKTOP-NAT0VEE" failures="0" tests="1" name="opencart.test.login.LoginInvalidEmailTest" time="8.646" errors="0" timestamp="2025-02-11T11:39:05 BRT" skipped="0">
  <testcase classname="opencart.test.login.LoginInvalidEmailTest" name="invalidEmailTest" time="8.646"/>
</testsuite> <!-- opencart.test.login.LoginInvalidEmailTest -->
