<?xml version="1.0" encoding="UTF-8"?>
<!-- Generated by org.testng.reporters.JUnitReportReporter -->
<testsuite hostname="DESKTOP-NAT0VEE" failures="0" tests="1" name="opencart.test.register.RegisterDisagreePrivacyPolicyTest" time="9.032" errors="0" timestamp="2025-02-02T10:50:49 BRT" skipped="0">
  <testcase classname="opencart.test.register.RegisterDisagreePrivacyPolicyTest" name="disagreePrivacyPolicyRegister" time="9.032"/>
</testsuite> <!-- opencart.test.register.RegisterDisagreePrivacyPolicyTest -->
