<?xml version="1.0" encoding="UTF-8"?>
<!-- Generated by org.testng.reporters.JUnitReportReporter -->
<testsuite hostname="DESKTOP-NAT0VEE" failures="0" tests="1" name="opencart.test.login.LoginInvalidEmailTest" time="8.662" errors="0" timestamp="2025-02-02T10:50:49 BRT" skipped="0">
  <testcase classname="opencart.test.login.LoginInvalidEmailTest" name="invalidEmailTest" time="8.662"/>
</testsuite> <!-- opencart.test.login.LoginInvalidEmailTest -->
